

Started GET "/" for ::1 at 2015-04-12 06:06:40 -0400
  [1m[36mActiveRecord::SchemaMigration Load (0.0ms)[0m  [1mSELECT "schema_migrations".* FROM "schema_migrations"[0m
Processing by WelcomeController#index as HTML
  Rendered welcome/index.html.erb within layouts/application (69.0ms)
Completed 200 OK in 291ms (Views: 278.0ms | ActiveRecord: 0.0ms)


Started GET "/assets/mobile-64e62ddc273c2f5847f30d698ca14b67.css?body=1" for ::1 at 2015-04-12 06:06:40 -0400


Started GET "/assets/shrunk-64e62ddc273c2f5847f30d698ca14b67.css?body=1" for ::1 at 2015-04-12 06:06:40 -0400


Started GET "/assets/turbolinks-686d2bf7d9d383528c901c64187a8c31.js?body=1" for ::1 at 2015-04-12 06:06:40 -0400


Started GET "/assets/welcome-64e62ddc273c2f5847f30d698ca14b67.css?body=1" for ::1 at 2015-04-12 06:06:40 -0400


Started GET "/assets/jquery-87424c3c19e96d4fb033c10ebe21ec40.js?body=1" for ::1 at 2015-04-12 06:06:40 -0400


Started GET "/assets/jquery_ujs-e27bd20a10d28155845a22d71ef94f2f.js?body=1" for ::1 at 2015-04-12 06:06:40 -0400


Started GET "/assets/enemy-8814f4e6da3bde3bf63e6d730260c7a8.js?body=1" for ::1 at 2015-04-12 06:06:40 -0400


Started GET "/assets/welcome-fcec5b5a277ac7c20cc9f45a209a3bcd.js?body=1" for ::1 at 2015-04-12 06:06:40 -0400


Started GET "/welcome_controller/updateSocial?_=1428832402951" for ::1 at 2015-04-12 06:06:56 -0400
Processing by WelcomeController#updateSocial as JS
  Parameters: {"_"=>"1428832402951"}
  Rendered welcome/_rails_data_partial.erb (0.0ms)
  Rendered welcome/updateSocial.js.erb (14.0ms)
Completed 200 OK in 1835ms (Views: 27.0ms | ActiveRecord: 0.0ms)


Started GET "/" for ::1 at 2015-04-12 06:06:59 -0400
Processing by WelcomeController#index as HTML
  Rendered welcome/index.html.erb within layouts/application (55.0ms)
Completed 200 OK in 159ms (Views: 159.0ms | ActiveRecord: 0.0ms)


Started GET "/assets/mobile-64e62ddc273c2f5847f30d698ca14b67.css?body=1" for ::1 at 2015-04-12 06:06:59 -0400


Started GET "/assets/welcome-64e62ddc273c2f5847f30d698ca14b67.css?body=1" for ::1 at 2015-04-12 06:06:59 -0400


Started GET "/assets/jquery-87424c3c19e96d4fb033c10ebe21ec40.js?body=1" for ::1 at 2015-04-12 06:06:59 -0400


Started GET "/assets/style-7c767fb354003276139aaa634a8c6584.css?body=1" for ::1 at 2015-04-12 06:06:59 -0400


Started GET "/assets/shrunk-64e62ddc273c2f5847f30d698ca14b67.css?body=1" for ::1 at 2015-04-12 06:06:59 -0400


Started GET "/assets/jquery_ujs-e27bd20a10d28155845a22d71ef94f2f.js?body=1" for ::1 at 2015-04-12 06:06:59 -0400


Started GET "/assets/turbolinks-686d2bf7d9d383528c901c64187a8c31.js?body=1" for ::1 at 2015-04-12 06:06:59 -0400


Started GET "/assets/enemy-8814f4e6da3bde3bf63e6d730260c7a8.js?body=1" for ::1 at 2015-04-12 06:06:59 -0400


Started GET "/assets/welcome-fcec5b5a277ac7c20cc9f45a209a3bcd.js?body=1" for ::1 at 2015-04-12 06:06:59 -0400


Started GET "/welcome_controller/updateSocial?_=1428832402952" for ::1 at 2015-04-12 06:07:26 -0400
Processing by WelcomeController#updateSocial as JS
  Parameters: {"_"=>"1428832402952"}
  Rendered welcome/_rails_data_partial.erb (0.0ms)
  Rendered welcome/updateSocial.js.erb (2.0ms)
Completed 200 OK in 1292ms (Views: 10.0ms | ActiveRecord: 0.0ms)


Started GET "/welcome_controller/updateSocial?_=1428833219675" for ::1 at 2015-04-12 06:07:29 -0400
Processing by WelcomeController#updateSocial as JS
  Parameters: {"_"=>"1428833219675"}
  Rendered welcome/_rails_data_partial.erb (0.0ms)
  Rendered welcome/updateSocial.js.erb (2.0ms)
Completed 200 OK in 2011ms (Views: 6.0ms | ActiveRecord: 0.0ms)


Started GET "/welcome_controller/updateSocial?_=1428832402953" for ::1 at 2015-04-12 06:07:57 -0400
Processing by WelcomeController#updateSocial as JS
  Parameters: {"_"=>"1428832402953"}
  Rendered welcome/_rails_data_partial.erb (1.0ms)
  Rendered welcome/updateSocial.js.erb (6.0ms)
Completed 200 OK in 6231ms (Views: 19.0ms | ActiveRecord: 0.0ms)


Started GET "/welcome_controller/updateSocial?_=1428833219676" for ::1 at 2015-04-12 06:08:03 -0400
Processing by WelcomeController#updateSocial as JS
  Parameters: {"_"=>"1428833219676"}
Completed 500 Internal Server Error in 428ms (ActiveRecord: 0.0ms)

Twitter::Error::TooManyRequests ():
  app/controllers/welcome_controller.rb:51:in `updateSocial'


  Rendered C:/Ruby21/lib/ruby/gems/2.1.0/gems/actionpack-4.2.1/lib/action_dispatch/middleware/templates/rescues/_source.erb (1.0ms)
  Rendered C:/Ruby21/lib/ruby/gems/2.1.0/gems/actionpack-4.2.1/lib/action_dispatch/middleware/templates/rescues/_trace.text.erb (1.0ms)
  Rendered C:/Ruby21/lib/ruby/gems/2.1.0/gems/actionpack-4.2.1/lib/action_dispatch/middleware/templates/rescues/_request_and_response.text.erb (1.0ms)
  Rendered C:/Ruby21/lib/ruby/gems/2.1.0/gems/actionpack-4.2.1/lib/action_dispatch/middleware/templates/rescues/diagnostics.text.erb (26.0ms)
  Rendered C:/Ruby21/lib/ruby/gems/2.1.0/gems/web-console-2.1.2/lib/web_console/templates/_markup.html.erb (0.0ms)
  Rendered C:/Ruby21/lib/ruby/gems/2.1.0/gems/web-console-2.1.2/lib/web_console/templates/style.css.erb within layouts/inlined_string (0.0ms)
  Rendered C:/Ruby21/lib/ruby/gems/2.1.0/gems/web-console-2.1.2/lib/web_console/templates/_inner_console_markup.html.erb within layouts/inlined_string (0.0ms)
  Rendered C:/Ruby21/lib/ruby/gems/2.1.0/gems/web-console-2.1.2/lib/web_console/templates/_prompt_box_markup.html.erb within layouts/inlined_string (0.0ms)
  Rendered C:/Ruby21/lib/ruby/gems/2.1.0/gems/web-console-2.1.2/lib/web_console/templates/console.js.erb within layouts/javascript (28.0ms)
  Rendered C:/Ruby21/lib/ruby/gems/2.1.0/gems/web-console-2.1.2/lib/web_console/templates/main.js.erb within layouts/javascript (1.0ms)
  Rendered C:/Ruby21/lib/ruby/gems/2.1.0/gems/web-console-2.1.2/lib/web_console/templates/error_page.js.erb within layouts/javascript (1.0ms)
  Rendered C:/Ruby21/lib/ruby/gems/2.1.0/gems/web-console-2.1.2/lib/web_console/templates/index.html.erb (58.0ms)


Started GET "/welcome_controller/updateSocial?_=1428832402954" for ::1 at 2015-04-12 06:08:27 -0400
Processing by WelcomeController#updateSocial as JS
  Parameters: {"_"=>"1428832402954"}
  Rendered welcome/_rails_data_partial.erb (0.0ms)
  Rendered welcome/updateSocial.js.erb (2.0ms)
Completed 200 OK in 417ms (Views: 10.0ms | ActiveRecord: 0.0ms)


Started GET "/welcome_controller/updateSocial?_=1428833219677" for ::1 at 2015-04-12 06:08:29 -0400
Processing by WelcomeController#updateSocial as JS
  Parameters: {"_"=>"1428833219677"}
  Rendered welcome/_rails_data_partial.erb (0.0ms)
  Rendered welcome/updateSocial.js.erb (5.0ms)
Completed 200 OK in 5473ms (Views: 19.0ms | ActiveRecord: 0.0ms)


Started GET "/" for ::1 at 2015-04-12 06:08:41 -0400
Processing by WelcomeController#index as HTML
  Rendered welcome/index.html.erb within layouts/application (30.0ms)
Completed 200 OK in 119ms (Views: 119.0ms | ActiveRecord: 0.0ms)


Started GET "/assets/mobile-64e62ddc273c2f5847f30d698ca14b67.css?body=1" for ::1 at 2015-04-12 06:08:41 -0400


Started GET "/assets/shrunk-64e62ddc273c2f5847f30d698ca14b67.css?body=1" for ::1 at 2015-04-12 06:08:41 -0400


Started GET "/assets/style-7c767fb354003276139aaa634a8c6584.css?body=1" for ::1 at 2015-04-12 06:08:41 -0400


Started GET "/assets/welcome-64e62ddc273c2f5847f30d698ca14b67.css?body=1" for ::1 at 2015-04-12 06:08:41 -0400


Started GET "/assets/jquery_ujs-e27bd20a10d28155845a22d71ef94f2f.js?body=1" for ::1 at 2015-04-12 06:08:41 -0400


Started GET "/assets/turbolinks-686d2bf7d9d383528c901c64187a8c31.js?body=1" for ::1 at 2015-04-12 06:08:41 -0400


Started GET "/assets/jquery-87424c3c19e96d4fb033c10ebe21ec40.js?body=1" for ::1 at 2015-04-12 06:08:41 -0400


Started GET "/assets/enemy-8814f4e6da3bde3bf63e6d730260c7a8.js?body=1" for ::1 at 2015-04-12 06:08:41 -0400


Started GET "/assets/welcome-fcec5b5a277ac7c20cc9f45a209a3bcd.js?body=1" for ::1 at 2015-04-12 06:08:41 -0400


Started POST "/welcome_controller/sendVals" for ::1 at 2015-04-12 06:08:43 -0400
Processing by WelcomeController#sendVals as JS
  Parameters: {"first"=>"Thomas Aquinas", "second"=>"Dota 2", "third"=>"personal fitness"}
  Rendered welcome/sendVals.js.erb (0.0ms)
Completed 200 OK in 569ms (Views: 5.0ms | ActiveRecord: 0.0ms)


Started GET "/welcome_controller/updateSocial?_=1428832402955" for ::1 at 2015-04-12 06:08:57 -0400
Processing by WelcomeController#updateSocial as JS
  Parameters: {"_"=>"1428832402955"}
  Rendered welcome/_rails_data_partial.erb (1.0ms)
  Rendered welcome/updateSocial.js.erb (2.0ms)
Completed 200 OK in 9460ms (Views: 7.0ms | ActiveRecord: 0.0ms)


Started GET "/welcome_controller/updateSocial?_=1428833321459" for ::1 at 2015-04-12 06:09:11 -0400
Processing by WelcomeController#updateSocial as JS
  Parameters: {"_"=>"1428833321459"}
  Rendered welcome/_rails_data_partial.erb (0.0ms)
  Rendered welcome/updateSocial.js.erb (2.0ms)
Completed 200 OK in 2365ms (Views: 8.0ms | ActiveRecord: 0.0ms)


Started GET "/" for ::1 at 2015-04-12 06:09:16 -0400
Processing by WelcomeController#index as HTML
  Rendered welcome/index.html.erb within layouts/application (29.0ms)
Completed 200 OK in 143ms (Views: 142.0ms | ActiveRecord: 0.0ms)


Started GET "/assets/mobile-64e62ddc273c2f5847f30d698ca14b67.css?body=1" for ::1 at 2015-04-12 06:09:16 -0400


Started GET "/assets/shrunk-64e62ddc273c2f5847f30d698ca14b67.css?body=1" for ::1 at 2015-04-12 06:09:16 -0400


Started GET "/assets/style-7c767fb354003276139aaa634a8c6584.css?body=1" for ::1 at 2015-04-12 06:09:16 -0400


Started GET "/assets/welcome-64e62ddc273c2f5847f30d698ca14b67.css?body=1" for ::1 at 2015-04-12 06:09:16 -0400


Started GET "/assets/turbolinks-686d2bf7d9d383528c901c64187a8c31.js?body=1" for ::1 at 2015-04-12 06:09:16 -0400


Started GET "/assets/jquery_ujs-e27bd20a10d28155845a22d71ef94f2f.js?body=1" for ::1 at 2015-04-12 06:09:16 -0400


Started GET "/assets/jquery-87424c3c19e96d4fb033c10ebe21ec40.js?body=1" for ::1 at 2015-04-12 06:09:16 -0400


Started GET "/assets/enemy-8814f4e6da3bde3bf63e6d730260c7a8.js?body=1" for ::1 at 2015-04-12 06:09:16 -0400


Started GET "/assets/welcome-fcec5b5a277ac7c20cc9f45a209a3bcd.js?body=1" for ::1 at 2015-04-12 06:09:16 -0400


Started POST "/welcome_controller/sendVals" for ::1 at 2015-04-12 06:09:27 -0400
Processing by WelcomeController#sendVals as JS
  Parameters: {"first"=>"Thomas Aquinas", "second"=>"Dota 2", "third"=>"personal fitness"}
  Rendered welcome/sendVals.js.erb (0.0ms)
Completed 200 OK in 545ms (Views: 5.0ms | ActiveRecord: 0.0ms)


Started GET "/welcome_controller/updateSocial?_=1428832402956" for ::1 at 2015-04-12 06:09:27 -0400
Processing by WelcomeController#updateSocial as JS
  Parameters: {"_"=>"1428832402956"}
  Rendered welcome/_rails_data_partial.erb (0.0ms)
  Rendered welcome/updateSocial.js.erb (2.0ms)
Completed 200 OK in 612ms (Views: 7.0ms | ActiveRecord: 0.0ms)


Started GET "/welcome_controller/updateSocial?_=1428833356980" for ::1 at 2015-04-12 06:09:47 -0400
Processing by WelcomeController#updateSocial as JS
  Parameters: {"_"=>"1428833356980"}
  Rendered welcome/_rails_data_partial.erb (0.0ms)
  Rendered welcome/updateSocial.js.erb (2.0ms)
Completed 200 OK in 716ms (Views: 8.0ms | ActiveRecord: 0.0ms)


Started GET "/welcome_controller/updateSocial?_=1428832402957" for ::1 at 2015-04-12 06:09:57 -0400
Processing by WelcomeController#updateSocial as JS
  Parameters: {"_"=>"1428832402957"}
  Rendered welcome/_rails_data_partial.erb (1.0ms)
  Rendered welcome/updateSocial.js.erb (2.0ms)
Completed 200 OK in 7309ms (Views: 8.0ms | ActiveRecord: 0.0ms)


Started GET "/welcome_controller/updateSocial?_=1428833356981" for ::1 at 2015-04-12 06:10:17 -0400
Processing by WelcomeController#updateSocial as JS
  Parameters: {"_"=>"1428833356981"}
  Rendered welcome/_rails_data_partial.erb (0.0ms)
  Rendered welcome/updateSocial.js.erb (2.0ms)
Completed 200 OK in 838ms (Views: 9.0ms | ActiveRecord: 0.0ms)


Started GET "/welcome_controller/updateSocial?_=1428832402958" for ::1 at 2015-04-12 06:10:27 -0400
Processing by WelcomeController#updateSocial as JS
  Parameters: {"_"=>"1428832402958"}
  Rendered welcome/_rails_data_partial.erb (0.0ms)
  Rendered welcome/updateSocial.js.erb (3.0ms)
Completed 200 OK in 409ms (Views: 10.0ms | ActiveRecord: 0.0ms)
